{"/Users/thomaswood/dev/mortgage-snapshot/src/utils/format.ts": {"path":"/Users/thomaswood/dev/mortgage-snapshot/src/utils/format.ts","statementMap":{"0":{"start":{"line":1,"column":30},"end":{"line":5,"column":19}},"1":{"start":{"line":1,"column":42},"end":{"line":5,"column":19}},"2":{"start":{"line":1,"column":13},"end":{"line":1,"column":30}}},"fnMap":{"0":{"name":"(anonymous_0)","decl":{"start":{"line":1,"column":30},"end":{"line":1,"column":31}},"loc":{"start":{"line":1,"column":42},"end":{"line":5,"column":19}}}},"branchMap":{},"s":{"0":2,"1":5,"2":2},"f":{"0":5},"b":{}}
,"/Users/thomaswood/dev/mortgage-snapshot/src/utils/mortgageCalculations.ts": {"path":"/Users/thomaswood/dev/mortgage-snapshot/src/utils/mortgageCalculations.ts","statementMap":{"0":{"start":{"line":71,"column":0},"end":{"line":71,"column":16}},"1":{"start":{"line":1,"column":0},"end":{"line":1,"column":49}},"2":{"start":{"line":3,"column":43},"end":{"line":5,"column":1}},"3":{"start":{"line":4,"column":4},"end":{"line":4,"column":22}},"4":{"start":{"line":3,"column":13},"end":{"line":3,"column":43}},"5":{"start":{"line":7,"column":44},"end":{"line":9,"column":1}},"6":{"start":{"line":8,"column":4},"end":{"line":8,"column":35}},"7":{"start":{"line":7,"column":13},"end":{"line":7,"column":44}},"8":{"start":{"line":11,"column":38},"end":{"line":13,"column":1}},"9":{"start":{"line":12,"column":4},"end":{"line":12,"column":32}},"10":{"start":{"line":11,"column":13},"end":{"line":11,"column":38}},"11":{"start":{"line":15,"column":42},"end":{"line":17,"column":1}},"12":{"start":{"line":16,"column":4},"end":{"line":16,"column":34}},"13":{"start":{"line":15,"column":13},"end":{"line":15,"column":42}},"14":{"start":{"line":19,"column":39},"end":{"line":21,"column":1}},"15":{"start":{"line":20,"column":4},"end":{"line":20,"column":139}},"16":{"start":{"line":19,"column":13},"end":{"line":19,"column":39}},"17":{"start":{"line":23,"column":37},"end":{"line":25,"column":1}},"18":{"start":{"line":24,"column":4},"end":{"line":24,"column":44}},"19":{"start":{"line":23,"column":13},"end":{"line":23,"column":37}},"20":{"start":{"line":27,"column":38},"end":{"line":29,"column":1}},"21":{"start":{"line":28,"column":4},"end":{"line":28,"column":39}},"22":{"start":{"line":27,"column":13},"end":{"line":27,"column":38}},"23":{"start":{"line":31,"column":53},"end":{"line":33,"column":1}},"24":{"start":{"line":32,"column":4},"end":{"line":32,"column":40}},"25":{"start":{"line":31,"column":13},"end":{"line":31,"column":53}},"26":{"start":{"line":35,"column":45},"end":{"line":69,"column":3}},"27":{"start":{"line":36,"column":33},"end":{"line":36,"column":35}},"28":{"start":{"line":37,"column":25},"end":{"line":37,"column":35}},"29":{"start":{"line":38,"column":29},"end":{"line":38,"column":30}},"30":{"start":{"line":39,"column":28},"end":{"line":39,"column":29}},"31":{"start":{"line":40,"column":4},"end":{"line":40,"column":91}},"32":{"start":{"line":42,"column":4},"end":{"line":67,"column":5}},"33":{"start":{"line":42,"column":21},"end":{"line":42,"column":22}},"34":{"start":{"line":43,"column":30},"end":{"line":43,"column":58}},"35":{"start":{"line":46,"column":6},"end":{"line":50,"column":7}},"36":{"start":{"line":47,"column":8},"end":{"line":47,"column":40}},"37":{"start":{"line":49,"column":8},"end":{"line":49,"column":58}},"38":{"start":{"line":52,"column":6},"end":{"line":52,"column":39}},"39":{"start":{"line":53,"column":6},"end":{"line":53,"column":44}},"40":{"start":{"line":54,"column":6},"end":{"line":54,"column":42}},"41":{"start":{"line":56,"column":6},"end":{"line":66,"column":7}},"42":{"start":{"line":57,"column":21},"end":{"line":57,"column":31}},"43":{"start":{"line":58,"column":8},"end":{"line":63,"column":11}},"44":{"start":{"line":64,"column":8},"end":{"line":64,"column":31}},"45":{"start":{"line":65,"column":8},"end":{"line":65,"column":30}},"46":{"start":{"line":68,"column":4},"end":{"line":68,"column":32}},"47":{"start":{"line":35,"column":13},"end":{"line":35,"column":45}},"48":{"start":{"line":72,"column":30},"end":{"line":72,"column":72}},"49":{"start":{"line":73,"column":24},"end":{"line":73,"column":60}},"50":{"start":{"line":74,"column":28},"end":{"line":74,"column":84}},"51":{"start":{"line":75,"column":25},"end":{"line":75,"column":103}},"52":{"start":{"line":77,"column":23},"end":{"line":77,"column":75}},"53":{"start":{"line":78,"column":24},"end":{"line":78,"column":79}},"54":{"start":{"line":79,"column":23},"end":{"line":79,"column":40}},"55":{"start":{"line":81,"column":39},"end":{"line":81,"column":90}},"56":{"start":{"line":82,"column":40},"end":{"line":82,"column":98}},"57":{"start":{"line":83,"column":35},"end":{"line":83,"column":123}},"58":{"start":{"line":85,"column":32},"end":{"line":85,"column":62}},"59":{"start":{"line":86,"column":30},"end":{"line":86,"column":58}},"60":{"start":{"line":87,"column":31},"end":{"line":87,"column":60}},"61":{"start":{"line":88,"column":30},"end":{"line":88,"column":58}},"62":{"start":{"line":89,"column":42},"end":{"line":89,"column":82}},"63":{"start":{"line":91,"column":31},"end":{"line":91,"column":131}},"64":{"start":{"line":93,"column":2},"end":{"line":99,"column":4}}},"fnMap":{"0":{"name":"(anonymous_0)","decl":{"start":{"line":3,"column":43},"end":{"line":3,"column":44}},"loc":{"start":{"line":3,"column":54},"end":{"line":5,"column":1}}},"1":{"name":"(anonymous_1)","decl":{"start":{"line":7,"column":44},"end":{"line":7,"column":45}},"loc":{"start":{"line":7,"column":59},"end":{"line":9,"column":1}}},"2":{"name":"(anonymous_2)","decl":{"start":{"line":11,"column":38},"end":{"line":11,"column":39}},"loc":{"start":{"line":11,"column":56},"end":{"line":13,"column":1}}},"3":{"name":"(anonymous_3)","decl":{"start":{"line":15,"column":42},"end":{"line":15,"column":43}},"loc":{"start":{"line":15,"column":66},"end":{"line":17,"column":1}}},"4":{"name":"(anonymous_4)","decl":{"start":{"line":19,"column":39},"end":{"line":19,"column":40}},"loc":{"start":{"line":19,"column":82},"end":{"line":21,"column":1}}},"5":{"name":"(anonymous_5)","decl":{"start":{"line":23,"column":37},"end":{"line":23,"column":38}},"loc":{"start":{"line":23,"column":71},"end":{"line":25,"column":1}}},"6":{"name":"(anonymous_6)","decl":{"start":{"line":27,"column":38},"end":{"line":27,"column":39}},"loc":{"start":{"line":27,"column":67},"end":{"line":29,"column":1}}},"7":{"name":"(anonymous_7)","decl":{"start":{"line":31,"column":53},"end":{"line":31,"column":54}},"loc":{"start":{"line":31,"column":68},"end":{"line":33,"column":1}}},"8":{"name":"(anonymous_8)","decl":{"start":{"line":35,"column":45},"end":{"line":35,"column":46}},"loc":{"start":{"line":35,"column":104},"end":{"line":69,"column":3}}},"9":{"name":"calculateMortgageResults","decl":{"start":{"line":71,"column":16},"end":{"line":71,"column":40}},"loc":{"start":{"line":71,"column":97},"end":{"line":100,"column":1}}}},"branchMap":{"0":{"loc":{"start":{"line":46,"column":6},"end":{"line":50,"column":7}},"type":"if","locations":[{"start":{"line":46,"column":6},"end":{"line":50,"column":7}},{"start":{"line":48,"column":13},"end":{"line":50,"column":7}}]},"1":{"loc":{"start":{"line":56,"column":6},"end":{"line":66,"column":7}},"type":"if","locations":[{"start":{"line":56,"column":6},"end":{"line":66,"column":7}}]}},"s":{"0":1,"1":1,"2":1,"3":2,"4":1,"5":1,"6":1,"7":1,"8":1,"9":1,"10":1,"11":1,"12":2,"13":1,"14":1,"15":1,"16":1,"17":1,"18":1,"19":1,"20":1,"21":1,"22":1,"23":1,"24":0,"25":1,"26":1,"27":0,"28":0,"29":0,"30":0,"31":0,"32":0,"33":0,"34":0,"35":0,"36":0,"37":0,"38":0,"39":0,"40":0,"41":0,"42":0,"43":0,"44":0,"45":0,"46":0,"47":1,"48":0,"49":0,"50":0,"51":0,"52":0,"53":0,"54":0,"55":0,"56":0,"57":0,"58":0,"59":0,"60":0,"61":0,"62":0,"63":0,"64":0},"f":{"0":2,"1":1,"2":1,"3":2,"4":1,"5":1,"6":1,"7":0,"8":0,"9":0},"b":{"0":[0,0],"1":[0]}}
,"/Users/thomaswood/dev/mortgage-snapshot/src/utils/validation.ts": {"path":"/Users/thomaswood/dev/mortgage-snapshot/src/utils/validation.ts","statementMap":{"0":{"start":{"line":1,"column":31},"end":{"line":8,"column":1}},"1":{"start":{"line":2,"column":2},"end":{"line":6,"column":3}},"2":{"start":{"line":3,"column":4},"end":{"line":3,"column":58}},"3":{"start":{"line":4,"column":9},"end":{"line":6,"column":3}},"4":{"start":{"line":5,"column":2},"end":{"line":5,"column":62}},"5":{"start":{"line":7,"column":2},"end":{"line":7,"column":14}},"6":{"start":{"line":1,"column":13},"end":{"line":1,"column":31}},"7":{"start":{"line":10,"column":30},"end":{"line":17,"column":1}},"8":{"start":{"line":11,"column":2},"end":{"line":15,"column":3}},"9":{"start":{"line":12,"column":4},"end":{"line":12,"column":57}},"10":{"start":{"line":13,"column":9},"end":{"line":15,"column":3}},"11":{"start":{"line":14,"column":2},"end":{"line":14,"column":57}},"12":{"start":{"line":16,"column":2},"end":{"line":16,"column":14}},"13":{"start":{"line":10,"column":13},"end":{"line":10,"column":30}},"14":{"start":{"line":19,"column":37},"end":{"line":28,"column":1}},"15":{"start":{"line":20,"column":2},"end":{"line":26,"column":3}},"16":{"start":{"line":21,"column":4},"end":{"line":21,"column":62}},"17":{"start":{"line":22,"column":9},"end":{"line":26,"column":3}},"18":{"start":{"line":23,"column":4},"end":{"line":23,"column":67}},"19":{"start":{"line":24,"column":9},"end":{"line":26,"column":3}},"20":{"start":{"line":25,"column":4},"end":{"line":25,"column":77}},"21":{"start":{"line":27,"column":2},"end":{"line":27,"column":14}},"22":{"start":{"line":19,"column":13},"end":{"line":19,"column":37}},"23":{"start":{"line":30,"column":36},"end":{"line":37,"column":1}},"24":{"start":{"line":31,"column":2},"end":{"line":35,"column":3}},"25":{"start":{"line":32,"column":4},"end":{"line":32,"column":64}},"26":{"start":{"line":33,"column":9},"end":{"line":35,"column":3}},"27":{"start":{"line":34,"column":2},"end":{"line":34,"column":64}},"28":{"start":{"line":36,"column":2},"end":{"line":36,"column":14}},"29":{"start":{"line":30,"column":13},"end":{"line":30,"column":36}},"30":{"start":{"line":39,"column":36},"end":{"line":48,"column":1}},"31":{"start":{"line":40,"column":2},"end":{"line":46,"column":3}},"32":{"start":{"line":41,"column":4},"end":{"line":41,"column":64}},"33":{"start":{"line":42,"column":9},"end":{"line":46,"column":3}},"34":{"start":{"line":43,"column":2},"end":{"line":43,"column":64}},"35":{"start":{"line":44,"column":9},"end":{"line":46,"column":3}},"36":{"start":{"line":45,"column":2},"end":{"line":45,"column":66}},"37":{"start":{"line":47,"column":2},"end":{"line":47,"column":14}},"38":{"start":{"line":39,"column":13},"end":{"line":39,"column":36}}},"fnMap":{"0":{"name":"(anonymous_0)","decl":{"start":{"line":1,"column":31},"end":{"line":1,"column":32}},"loc":{"start":{"line":1,"column":43},"end":{"line":8,"column":1}}},"1":{"name":"(anonymous_1)","decl":{"start":{"line":10,"column":30},"end":{"line":10,"column":31}},"loc":{"start":{"line":10,"column":41},"end":{"line":17,"column":1}}},"2":{"name":"(anonymous_2)","decl":{"start":{"line":19,"column":37},"end":{"line":19,"column":38}},"loc":{"start":{"line":19,"column":61},"end":{"line":28,"column":1}}},"3":{"name":"(anonymous_3)","decl":{"start":{"line":30,"column":36},"end":{"line":30,"column":37}},"loc":{"start":{"line":30,"column":51},"end":{"line":37,"column":1}}},"4":{"name":"(anonymous_4)","decl":{"start":{"line":39,"column":36},"end":{"line":39,"column":37}},"loc":{"start":{"line":39,"column":54},"end":{"line":48,"column":1}}}},"branchMap":{"0":{"loc":{"start":{"line":2,"column":2},"end":{"line":6,"column":3}},"type":"if","locations":[{"start":{"line":2,"column":2},"end":{"line":6,"column":3}},{"start":{"line":4,"column":9},"end":{"line":6,"column":3}}]},"1":{"loc":{"start":{"line":4,"column":9},"end":{"line":6,"column":3}},"type":"if","locations":[{"start":{"line":4,"column":9},"end":{"line":6,"column":3}}]},"2":{"loc":{"start":{"line":11,"column":2},"end":{"line":15,"column":3}},"type":"if","locations":[{"start":{"line":11,"column":2},"end":{"line":15,"column":3}},{"start":{"line":13,"column":9},"end":{"line":15,"column":3}}]},"3":{"loc":{"start":{"line":13,"column":9},"end":{"line":15,"column":3}},"type":"if","locations":[{"start":{"line":13,"column":9},"end":{"line":15,"column":3}}]},"4":{"loc":{"start":{"line":20,"column":2},"end":{"line":26,"column":3}},"type":"if","locations":[{"start":{"line":20,"column":2},"end":{"line":26,"column":3}},{"start":{"line":22,"column":9},"end":{"line":26,"column":3}}]},"5":{"loc":{"start":{"line":22,"column":9},"end":{"line":26,"column":3}},"type":"if","locations":[{"start":{"line":22,"column":9},"end":{"line":26,"column":3}},{"start":{"line":24,"column":9},"end":{"line":26,"column":3}}]},"6":{"loc":{"start":{"line":24,"column":9},"end":{"line":26,"column":3}},"type":"if","locations":[{"start":{"line":24,"column":9},"end":{"line":26,"column":3}}]},"7":{"loc":{"start":{"line":31,"column":2},"end":{"line":35,"column":3}},"type":"if","locations":[{"start":{"line":31,"column":2},"end":{"line":35,"column":3}},{"start":{"line":33,"column":9},"end":{"line":35,"column":3}}]},"8":{"loc":{"start":{"line":33,"column":9},"end":{"line":35,"column":3}},"type":"if","locations":[{"start":{"line":33,"column":9},"end":{"line":35,"column":3}}]},"9":{"loc":{"start":{"line":40,"column":2},"end":{"line":46,"column":3}},"type":"if","locations":[{"start":{"line":40,"column":2},"end":{"line":46,"column":3}},{"start":{"line":42,"column":9},"end":{"line":46,"column":3}}]},"10":{"loc":{"start":{"line":42,"column":9},"end":{"line":46,"column":3}},"type":"if","locations":[{"start":{"line":42,"column":9},"end":{"line":46,"column":3}},{"start":{"line":44,"column":9},"end":{"line":46,"column":3}}]},"11":{"loc":{"start":{"line":44,"column":9},"end":{"line":46,"column":3}},"type":"if","locations":[{"start":{"line":44,"column":9},"end":{"line":46,"column":3}}]}},"s":{"0":1,"1":4,"2":1,"3":3,"4":2,"5":1,"6":1,"7":1,"8":4,"9":1,"10":3,"11":2,"12":1,"13":1,"14":1,"15":5,"16":1,"17":4,"18":2,"19":2,"20":1,"21":1,"22":1,"23":1,"24":4,"25":1,"26":3,"27":2,"28":1,"29":1,"30":1,"31":5,"32":1,"33":4,"34":2,"35":2,"36":1,"37":1,"38":1},"f":{"0":4,"1":4,"2":5,"3":4,"4":5},"b":{"0":[1,3],"1":[2],"2":[1,3],"3":[2],"4":[1,4],"5":[2,2],"6":[1],"7":[1,3],"8":[2],"9":[1,4],"10":[2,2],"11":[1]}}
}
