TN:
SF:src/utils/format.ts
FN:1,(anonymous_0)
FNF:1
FNH:1
FNDA:5,(anonymous_0)
DA:1,5
LF:1
LH:1
BRF:0
BRH:0
end_of_record
TN:
SF:src/utils/mortgageCalculations.ts
FN:3,(anonymous_0)
FN:7,(anonymous_1)
FN:11,(anonymous_2)
FN:15,(anonymous_3)
FN:19,(anonymous_4)
FN:23,(anonymous_5)
FN:27,(anonymous_6)
FN:31,(anonymous_7)
FN:35,(anonymous_8)
FN:71,calculateMortgageResults
FNF:10
FNH:7
FNDA:2,(anonymous_0)
FNDA:1,(anonymous_1)
FNDA:1,(anonymous_2)
FNDA:2,(anonymous_3)
FNDA:1,(anonymous_4)
FNDA:1,(anonymous_5)
FNDA:1,(anonymous_6)
FNDA:0,(anonymous_7)
FNDA:0,(anonymous_8)
FNDA:0,calculateMortgageResults
DA:1,1
DA:3,1
DA:4,2
DA:7,1
DA:8,1
DA:11,1
DA:12,1
DA:15,1
DA:16,2
DA:19,1
DA:20,1
DA:23,1
DA:24,1
DA:27,1
DA:28,1
DA:31,1
DA:32,0
DA:35,1
DA:36,0
DA:37,0
DA:38,0
DA:39,0
DA:40,0
DA:42,0
DA:43,0
DA:46,0
DA:47,0
DA:49,0
DA:52,0
DA:53,0
DA:54,0
DA:56,0
DA:57,0
DA:58,0
DA:64,0
DA:65,0
DA:68,0
DA:71,1
DA:72,0
DA:73,0
DA:74,0
DA:75,0
DA:77,0
DA:78,0
DA:79,0
DA:81,0
DA:82,0
DA:83,0
DA:85,0
DA:86,0
DA:87,0
DA:88,0
DA:89,0
DA:91,0
DA:93,0
LF:55
LH:18
BRDA:46,0,0,0
BRDA:46,0,1,0
BRDA:56,1,0,0
BRF:3
BRH:0
end_of_record
TN:
SF:src/utils/validation.ts
FN:1,(anonymous_0)
FN:10,(anonymous_1)
FN:19,(anonymous_2)
FN:30,(anonymous_3)
FN:39,(anonymous_4)
FNF:5
FNH:5
FNDA:4,(anonymous_0)
FNDA:4,(anonymous_1)
FNDA:5,(anonymous_2)
FNDA:4,(anonymous_3)
FNDA:5,(anonymous_4)
DA:1,1
DA:2,4
DA:3,1
DA:4,3
DA:5,2
DA:7,1
DA:10,1
DA:11,4
DA:12,1
DA:13,3
DA:14,2
DA:16,1
DA:19,1
DA:20,5
DA:21,1
DA:22,4
DA:23,2
DA:24,2
DA:25,1
DA:27,1
DA:30,1
DA:31,4
DA:32,1
DA:33,3
DA:34,2
DA:36,1
DA:39,1
DA:40,5
DA:41,1
DA:42,4
DA:43,2
DA:44,2
DA:45,1
DA:47,1
LF:34
LH:34
BRDA:2,0,0,1
BRDA:2,0,1,3
BRDA:4,1,0,2
BRDA:11,2,0,1
BRDA:11,2,1,3
BRDA:13,3,0,2
BRDA:20,4,0,1
BRDA:20,4,1,4
BRDA:22,5,0,2
BRDA:22,5,1,2
BRDA:24,6,0,1
BRDA:31,7,0,1
BRDA:31,7,1,3
BRDA:33,8,0,2
BRDA:40,9,0,1
BRDA:40,9,1,4
BRDA:42,10,0,2
BRDA:42,10,1,2
BRDA:44,11,0,1
BRF:19
BRH:19
end_of_record
